Traceback (most recent call last):
  File "/mnt/home/rsilva/Documents/miniconda3/envs/datascience/lib/python3.12/site-packages/jupyter_cache/executors/utils.py", line 58, in single_nb_execution
    executenb(
  File "/mnt/home/rsilva/Documents/miniconda3/envs/datascience/lib/python3.12/site-packages/nbclient/client.py", line 1314, in execute
    return NotebookClient(nb=nb, resources=resources, km=km, **kwargs).execute()
           ^^^^^^^^^^^^^^^^^^^^^^^^^^^^^^^^^^^^^^^^^^^^^^^^^^^^^^^^^^^^^^^^^^^^^
  File "/mnt/home/rsilva/Documents/miniconda3/envs/datascience/lib/python3.12/site-packages/jupyter_core/utils/__init__.py", line 165, in wrapped
    return loop.run_until_complete(inner)
           ^^^^^^^^^^^^^^^^^^^^^^^^^^^^^^
  File "/mnt/home/rsilva/Documents/miniconda3/envs/datascience/lib/python3.12/asyncio/base_events.py", line 687, in run_until_complete
    return future.result()
           ^^^^^^^^^^^^^^^
  File "/mnt/home/rsilva/Documents/miniconda3/envs/datascience/lib/python3.12/site-packages/nbclient/client.py", line 709, in async_execute
    await self.async_execute_cell(
  File "/mnt/home/rsilva/Documents/miniconda3/envs/datascience/lib/python3.12/site-packages/nbclient/client.py", line 1062, in async_execute_cell
    await self._check_raise_for_error(cell, cell_index, exec_reply)
  File "/mnt/home/rsilva/Documents/miniconda3/envs/datascience/lib/python3.12/site-packages/nbclient/client.py", line 918, in _check_raise_for_error
    raise CellExecutionError.from_cell_and_msg(cell, exec_reply_content)
nbclient.exceptions.CellExecutionError: An error occurred while executing the following cell:
------------------
# Criação de um objeto e modificação do parâmetro 'normalize'
modelo = LinearRegression(normalize=True)
print(modelo.normalize)
------------------


[0;31m---------------------------------------------------------------------------[0m
[0;31mTypeError[0m                                 Traceback (most recent call last)
Cell [0;32mIn[9], line 2[0m
[1;32m      1[0m [38;5;66;03m# Criação de um objeto e modificação do parâmetro 'normalize'[39;00m
[0;32m----> 2[0m modelo [38;5;241m=[39m [43mLinearRegression[49m[43m([49m[43mnormalize[49m[38;5;241;43m=[39;49m[38;5;28;43;01mTrue[39;49;00m[43m)[49m
[1;32m      3[0m [38;5;28mprint[39m(modelo[38;5;241m.[39mnormalize)

[0;31mTypeError[0m: LinearRegression.__init__() got an unexpected keyword argument 'normalize'

